Android_DGPApp_LECTURA/app/build/intermediates/manifest_merge_blame_file/debug/manifest-merger-blame-debug-report.txt
1<?xml version="1.0" encoding="utf-8"?>
2<manifest xmlns:android="http://schemas.android.com/apk/res/android"
3    package="com.dnielectura"
4    android:versionCode="1"
5    android:versionName="1.0" >
6
7    <uses-sdk
7-->src\main\AndroidManifest.xml:9:5-47
8        android:minSdkVersion="26"
8-->src\main\AndroidManifest.xml:9:5-47
9        android:targetSdkVersion="26" />
9-->src\main\AndroidManifest.xml:9:15-44
10
11    <uses-feature
11-->src\main\AndroidManifest.xml:11:5-81
12        android:name="android.hardware.nfc"
12-->src\main\AndroidManifest.xml:11:19-54
13        android:required="true" />
13-->src\main\AndroidManifest.xml:11:55-78
14
15    <uses-permission android:name="android.permission.INTERNET" />
15-->src\main\AndroidManifest.xml:12:5-67
15-->src\main\AndroidManifest.xml:12:22-64
16    <uses-permission android:name="android.permission.WRITE_EXTERNAL_STORAGE" />
16-->src\main\AndroidManifest.xml:13:5-80
16-->src\main\AndroidManifest.xml:13:22-78
17    <uses-permission android:name="android.permission.NFC" />
17-->src\main\AndroidManifest.xml:14:5-61
17-->src\main\AndroidManifest.xml:14:22-59
18
19    <application
19-->src\main\AndroidManifest.xml:16:5-74:19
20        android:name="com.dnielectura.MyAppDNIELECTURA"
20-->src\main\AndroidManifest.xml:18:9-56
21        android:allowBackup="true"
21-->src\main\AndroidManifest.xml:17:9-35
22        android:debuggable="true"
23        android:hardwareAccelerated="true"
23-->src\main\AndroidManifest.xml:20:9-43
24        android:icon="@drawable/ic_launcher"
24-->src\main\AndroidManifest.xml:19:9-45
25        android:label="@string/app_name"
25-->src\main\AndroidManifest.xml:21:9-41
26        android:testOnly="true"
27        android:theme="@style/AppTheme" >
27-->[:dniedroid] AndroidManifest.xml:20:9-40
28        <activity
28-->src\main\AndroidManifest.xml:22:9-30:20
29            android:name="com.dnielectura.DNIeLectura"
29-->src\main\AndroidManifest.xml:23:13-55
30            android:label="@string/app_title_dgt"
30-->src\main\AndroidManifest.xml:24:13-50
31            android:screenOrientation="portrait" >
31-->src\main\AndroidManifest.xml:25:13-49
32            <intent-filter>
32-->src\main\AndroidManifest.xml:26:13-29:29
33                <action android:name="android.intent.action.MAIN" />
33-->src\main\AndroidManifest.xml:27:17-69
33-->src\main\AndroidManifest.xml:27:25-66
34
35                <category android:name="android.intent.category.LAUNCHER" />
35-->src\main\AndroidManifest.xml:28:17-77
35-->src\main\AndroidManifest.xml:28:27-74
36            </intent-filter>
37        </activity>
38        <activity
38-->src\main\AndroidManifest.xml:32:9-44:20
39            android:name="com.dnielectura.NFCOperationsEnc"
39-->src\main\AndroidManifest.xml:32:19-66
40            android:enabled="false"
40-->src\main\AndroidManifest.xml:36:13-38
41            android:label="@string/app_title_nfc"
41-->src\main\AndroidManifest.xml:33:13-52
42            android:launchMode="singleTask"
42-->src\main\AndroidManifest.xml:35:13-44
43            android:screenOrientation="portrait" >
43-->src\main\AndroidManifest.xml:34:13-51
44            <intent-filter>
44-->src\main\AndroidManifest.xml:37:13-40:29
45                <action android:name="android.nfc.action.TAG_DISCOVERED" />
45-->src\main\AndroidManifest.xml:38:17-75
45-->src\main\AndroidManifest.xml:38:25-73
46
47                <category android:name="android.intent.category.DEFAULT" />
47-->src\main\AndroidManifest.xml:39:17-75
47-->src\main\AndroidManifest.xml:39:27-73
48            </intent-filter>
49
50            <meta-data
50-->src\main\AndroidManifest.xml:41:13-43:53
51                android:name="android.nfc.action.TAG_DISCOVERED"
51-->src\main\AndroidManifest.xml:42:17-65
52                android:resource="@xml/filter_nfc" />
52-->src\main\AndroidManifest.xml:43:17-51
53        </activity>
54        <activity
54-->src\main\AndroidManifest.xml:46:9-48:51
55            android:name="com.dnielectura.NFCOperationsEncKitKat"
55-->src\main\AndroidManifest.xml:46:19-72
56            android:label="@string/app_title_nfc"
56-->src\main\AndroidManifest.xml:47:13-52
57            android:screenOrientation="portrait" />
57-->src\main\AndroidManifest.xml:48:13-49
58        <activity
58-->src\main\AndroidManifest.xml:50:9-52:51
59            android:name="com.dnielectura.DNIeCanSelection"
59-->src\main\AndroidManifest.xml:50:19-66
60            android:label="@string/app_title_CAN"
60-->src\main\AndroidManifest.xml:51:13-52
61            android:screenOrientation="portrait" />
61-->src\main\AndroidManifest.xml:52:13-49
62        <activity
62-->src\main\AndroidManifest.xml:54:9-56:51
63            android:name="com.dnielectura.DNIeReader"
63-->src\main\AndroidManifest.xml:54:19-60
64            android:label="@string/app_title_nfc"
64-->src\main\AndroidManifest.xml:55:13-52
65            android:screenOrientation="portrait" />
65-->src\main\AndroidManifest.xml:56:13-49
66        <activity
66-->src\main\AndroidManifest.xml:58:9-60:51
67            android:name="com.dnielectura.DataResult"
67-->src\main\AndroidManifest.xml:58:19-60
68            android:label="@string/app_title_nfc"
68-->src\main\AndroidManifest.xml:59:13-52
69            android:screenOrientation="portrait" />
69-->src\main\AndroidManifest.xml:60:13-49
70        <activity
70-->src\main\AndroidManifest.xml:62:9-64:51
71            android:name="com.dnielectura.DataConfiguration"
71-->src\main\AndroidManifest.xml:62:19-67
72            android:label="@string/app_title_CONFIG"
72-->src\main\AndroidManifest.xml:63:13-55
73            android:screenOrientation="portrait" />
73-->src\main\AndroidManifest.xml:64:13-49
74        <activity
74-->src\main\AndroidManifest.xml:66:9-68:51
75            android:name="com.dnielectura.DNIeHelp"
75-->src\main\AndroidManifest.xml:66:19-58
76            android:label="@string/app_title_HELP"
76-->src\main\AndroidManifest.xml:67:13-53
77            android:screenOrientation="portrait" />
77-->src\main\AndroidManifest.xml:68:13-49
78        <activity
78-->src\main\AndroidManifest.xml:70:9-72:51
79            android:name="com.dnielectura.DataErrorActivity"
79-->src\main\AndroidManifest.xml:70:19-52
80            android:label="@string/app_title_ERROR"
80-->src\main\AndroidManifest.xml:71:13-54
81            android:screenOrientation="portrait" />
81-->src\main\AndroidManifest.xml:72:13-49
82    </application>
83
84</manifest>